生成启动时间为 2017/5/14 17:18:25。
     1>项目“C:\Users\cs\Desktop\clearcanvas\ClearCanvas\ImageViewer\Rendering\BilinearInterpolation\BilinearInterpolation.vcxproj”在节点 2 上(build 个目标)。
     1>InitializeBuildStatus:
         正在创建“Debug\BilinearInterpolation.unsuccessfulbuild”，因为已指定“AlwaysCreate”。
       ClCompile:
         所有输出均为最新。
         所有输出均为最新。
       ManifestResourceCompile:
         所有输出均为最新。
       Link:
         C:\Program Files (x86)\Microsoft Visual Studio 10.0\VC\bin\link.exe /ERRORREPORT:PROMPT /OUT:"bin/Debug\BilinearInterpolation.dll" /INCREMENTAL /NOLOGO kernel32.lib user32.lib gdi32.lib winspool.lib comdlg32.lib advapi32.lib shell32.lib ole32.lib oleaut32.lib uuid.lib odbc32.lib odbccp32.lib /MANIFEST /ManifestFile:"Debug\BilinearInterpolation.dll.intermediate.manifest" /MANIFESTUAC:"level='asInvoker' uiAccess='false'" /DEBUG /PDB:"C:\Users\cs\Desktop\clearcanvas\ClearCanvas\ImageViewer\Rendering\BilinearInterpolation\bin\Debug\BilinearInterpolation.pdb" /SUBSYSTEM:WINDOWS /TLBID:1 /DYNAMICBASE /NXCOMPAT /IMPLIB:"bin/Debug\BilinearInterpolation.lib" /MACHINE:X86 /DLL Debug\BilinearInterpolation.dll.embed.manifest.res
         Debug\BilinearInterpolation.obj
         Debug\stdafx.obj
            正在创建库 bin/Debug\BilinearInterpolation.lib 和对象 bin/Debug\BilinearInterpolation.exp
       Manifest:
         C:\Program Files (x86)\Microsoft SDKs\Windows\v7.0A\bin\mt.exe /nologo /verbose /out:"Debug\BilinearInterpolation.dll.embed.manifest" /manifest Debug\BilinearInterpolation.dll.intermediate.manifest
         所有输出均为最新。
       LinkEmbedManifest:
         所有输出均为最新。
         BilinearInterpolation.vcxproj -> C:\Users\cs\Desktop\clearcanvas\ClearCanvas\ImageViewer\Rendering\BilinearInterpolation\bin/Debug\BilinearInterpolation.dll
       FinalizeBuildStatus:
         正在删除文件“Debug\BilinearInterpolation.unsuccessfulbuild”。
         正在对“Debug\BilinearInterpolation.lastbuildstate”执行 Touch 任务。
     1>已完成生成项目“C:\Users\cs\Desktop\clearcanvas\ClearCanvas\ImageViewer\Rendering\BilinearInterpolation\BilinearInterpolation.vcxproj”(build 个目标)的操作。

生成成功。

已用时间 00:00:01.33
